\BOOKMARK [0][-]{chapter.1}{\376\377\0001\000\040\004\020\004\073\004\104\004\060\004\062\004\070\004\102\004\075\004\113\004\071\000\040\004\103\004\072\004\060\004\067\004\060\004\102\004\065\004\073\004\114\000\040\004\072\004\073\004\060\004\101\004\101\004\076\004\062}{}% 1
\BOOKMARK [1][-]{section.1.1}{\376\377\0001\000.\0001\000\040\004\032\004\073\004\060\004\101\004\101\004\113}{chapter.1}% 2
\BOOKMARK [0][-]{chapter.2}{\376\377\0002\000\040\004\041\004\077\004\070\004\101\004\076\004\072\000\040\004\104\004\060\004\071\004\073\004\076\004\062}{}% 3
\BOOKMARK [1][-]{section.2.1}{\376\377\0002\000.\0001\000\040\004\044\004\060\004\071\004\073\004\113}{chapter.2}% 4
\BOOKMARK [0][-]{chapter.3}{\376\377\0003\000\040\004\032\004\073\004\060\004\101\004\101\004\113}{}% 5
\BOOKMARK [1][-]{section.3.1}{\376\377\0003\000.\0001\000\040\004\032\004\073\004\060\004\101\004\101\000\040\000D\000a\000t\000a\000R\000e\000a\000d\000e\000r}{chapter.3}% 6
\BOOKMARK [2][-]{subsection.3.1.1}{\376\377\0003\000.\0001\000.\0001\000\040\004\037\004\076\004\064\004\100\004\076\004\061\004\075\004\076\004\065\000\040\004\076\004\077\004\070\004\101\004\060\004\075\004\070\004\065}{section.3.1}% 7
\BOOKMARK [2][-]{subsection.3.1.2}{\376\377\0003\000.\0001\000.\0002\000\040\004\034\004\065\004\102\004\076\004\064\004\113}{section.3.1}% 8
\BOOKMARK [3][-]{subsubsection.3.1.2.1}{\376\377\0003\000.\0001\000.\0002\000.\0001\000\040\000g\000e\000t\000C\000l\000i\000e\000n\000t\000\050\000\051}{subsection.3.1.2}% 9
\BOOKMARK [1][-]{section.3.2}{\376\377\0003\000.\0002\000\040\004\041\004\102\004\100\004\103\004\072\004\102\004\103\004\100\004\060\000\040\000D\000a\000t\000a\000R\000e\000a\000d\000e\000r\000\137\000f\000i\000x}{chapter.3}% 10
\BOOKMARK [1][-]{section.3.3}{\376\377\0003\000.\0003\000\040\004\032\004\073\004\060\004\101\004\101\000\040\000E\000r\000r\000o\000r\000s}{chapter.3}% 11
\BOOKMARK [2][-]{subsection.3.3.1}{\376\377\0003\000.\0003\000.\0001\000\040\004\037\004\076\004\064\004\100\004\076\004\061\004\075\004\076\004\065\000\040\004\076\004\077\004\070\004\101\004\060\004\075\004\070\004\065}{section.3.3}% 12
\BOOKMARK [2][-]{subsection.3.3.2}{\376\377\0003\000.\0003\000.\0002\000\040\004\034\004\065\004\102\004\076\004\064\004\113}{section.3.3}% 13
\BOOKMARK [3][-]{subsubsection.3.3.2.1}{\376\377\0003\000.\0003\000.\0002\000.\0001\000\040\000e\000r\000r\000o\000r\000\137\000r\000e\000c\000o\000r\000d\000i\000n\000g\000\050\000\051}{subsection.3.3.2}% 14
\BOOKMARK [1][-]{section.3.4}{\376\377\0003\000.\0004\000\040\004\041\004\102\004\100\004\103\004\072\004\102\004\103\004\100\004\060\000\040\000E\000r\000r\000o\000r\000s\000\137\000f\000i\000x}{chapter.3}% 15
\BOOKMARK [1][-]{section.3.5}{\376\377\0003\000.\0005\000\040\004\041\004\102\004\100\004\103\004\072\004\102\004\103\004\100\004\060\000\040\000R\000e\000s\000u\000l\000t}{chapter.3}% 16
\BOOKMARK [1][-]{section.3.6}{\376\377\0003\000.\0006\000\040\004\041\004\102\004\100\004\103\004\072\004\102\004\103\004\100\004\060\000\040\000S\000e\000r\000v\000e\000r\000\137\000f\000i\000x}{chapter.3}% 17
\BOOKMARK [1][-]{section.3.7}{\376\377\0003\000.\0007\000\040\004\032\004\073\004\060\004\101\004\101\000\040\000S\000e\000r\000v\000e\000r\000C\000l\000i\000e\000n\000t\000I\000n\000t\000e\000r\000f\000a\000c\000e}{chapter.3}% 18
\BOOKMARK [2][-]{subsection.3.7.1}{\376\377\0003\000.\0007\000.\0001\000\040\004\037\004\076\004\064\004\100\004\076\004\061\004\075\004\076\004\065\000\040\004\076\004\077\004\070\004\101\004\060\004\075\004\070\004\065}{section.3.7}% 19
\BOOKMARK [2][-]{subsection.3.7.2}{\376\377\0003\000.\0007\000.\0002\000\040\004\034\004\065\004\102\004\076\004\064\004\113}{section.3.7}% 20
\BOOKMARK [3][-]{subsubsection.3.7.2.1}{\376\377\0003\000.\0007\000.\0002\000.\0001\000\040\000s\000u\000m\000\137\000v\000e\000c\000\050\000\051}{subsection.3.7.2}% 21
\BOOKMARK [1][-]{section.3.8}{\376\377\0003\000.\0008\000\040\004\032\004\073\004\060\004\101\004\101\000\040\000U\000s\000e\000r}{chapter.3}% 22
\BOOKMARK [2][-]{subsection.3.8.1}{\376\377\0003\000.\0008\000.\0001\000\040\004\037\004\076\004\064\004\100\004\076\004\061\004\075\004\076\004\065\000\040\004\076\004\077\004\070\004\101\004\060\004\075\004\070\004\065}{section.3.8}% 23
\BOOKMARK [2][-]{subsection.3.8.2}{\376\377\0003\000.\0008\000.\0002\000\040\004\034\004\065\004\102\004\076\004\064\004\113}{section.3.8}% 24
\BOOKMARK [3][-]{subsubsection.3.8.2.1}{\376\377\0003\000.\0008\000.\0002\000.\0001\000\040\004\041\000h\000e\000c\000k\000L\000o\000g\000i\000n\000\050\000\051}{subsection.3.8.2}% 25
\BOOKMARK [3][-]{subsubsection.3.8.2.2}{\376\377\0003\000.\0008\000.\0002\000.\0002\000\040\000C\000h\000e\000c\000k\000P\000a\000s\000s\000w\000o\000r\000d\000\050\000\051}{subsection.3.8.2}% 26
\BOOKMARK [1][-]{section.3.9}{\376\377\0003\000.\0009\000\040\004\041\004\102\004\100\004\103\004\072\004\102\004\103\004\100\004\060\000\040\000U\000s\000e\000r\000\137\000f\000i\000x}{chapter.3}% 27
\BOOKMARK [0][-]{chapter.4}{\376\377\0004\000\040\004\044\004\060\004\071\004\073\004\113}{}% 28
\BOOKMARK [1][-]{section.4.1}{\376\377\0004\000.\0001\000\040\004\044\004\060\004\071\004\073\000\040\000D\000a\000t\000a\000R\000e\000a\000d\000e\000r\000.\000c\000p\000p}{chapter.4}% 29
\BOOKMARK [1][-]{section.4.2}{\376\377\0004\000.\0002\000\040\004\044\004\060\004\071\004\073\000\040\000D\000a\000t\000a\000R\000e\000a\000d\000e\000r\000.\000h}{chapter.4}% 30
\BOOKMARK [2][-]{subsection.4.2.1}{\376\377\0004\000.\0002\000.\0001\000\040\004\037\004\076\004\064\004\100\004\076\004\061\004\075\004\076\004\065\000\040\004\076\004\077\004\070\004\101\004\060\004\075\004\070\004\065}{section.4.2}% 31
\BOOKMARK [1][-]{section.4.3}{\376\377\0004\000.\0003\000\040\000D\000a\000t\000a\000R\000e\000a\000d\000e\000r\000.\000h}{chapter.4}% 32
\BOOKMARK [1][-]{section.4.4}{\376\377\0004\000.\0004\000\040\004\044\004\060\004\071\004\073\000\040\000E\000r\000r\000o\000r\000s\000.\000c\000p\000p}{chapter.4}% 33
\BOOKMARK [1][-]{section.4.5}{\376\377\0004\000.\0005\000\040\004\044\004\060\004\071\004\073\000\040\000E\000r\000r\000o\000r\000s\000.\000h}{chapter.4}% 34
\BOOKMARK [2][-]{subsection.4.5.1}{\376\377\0004\000.\0005\000.\0001\000\040\004\037\004\076\004\064\004\100\004\076\004\061\004\075\004\076\004\065\000\040\004\076\004\077\004\070\004\101\004\060\004\075\004\070\004\065}{section.4.5}% 35
\BOOKMARK [1][-]{section.4.6}{\376\377\0004\000.\0006\000\040\000E\000r\000r\000o\000r\000s\000.\000h}{chapter.4}% 36
\BOOKMARK [1][-]{section.4.7}{\376\377\0004\000.\0007\000\040\004\044\004\060\004\071\004\073\000\040\000m\000a\000i\000n\000.\000c\000p\000p}{chapter.4}% 37
\BOOKMARK [2][-]{subsection.4.7.1}{\376\377\0004\000.\0007\000.\0001\000\040\004\037\004\076\004\064\004\100\004\076\004\061\004\075\004\076\004\065\000\040\004\076\004\077\004\070\004\101\004\060\004\075\004\070\004\065}{section.4.7}% 38
\BOOKMARK [1][-]{section.4.8}{\376\377\0004\000.\0008\000\040\004\044\004\060\004\071\004\073\000\040\000S\000e\000r\000v\000e\000r\000C\000l\000i\000e\000n\000t\000I\000n\000t\000e\000r\000f\000a\000c\000e\000.\000c\000p\000p}{chapter.4}% 39
\BOOKMARK [1][-]{section.4.9}{\376\377\0004\000.\0009\000\040\004\044\004\060\004\071\004\073\000\040\000S\000e\000r\000v\000e\000r\000C\000l\000i\000e\000n\000t\000I\000n\000t\000e\000r\000f\000a\000c\000e\000.\000h}{chapter.4}% 40
\BOOKMARK [2][-]{subsection.4.9.1}{\376\377\0004\000.\0009\000.\0001\000\040\004\037\004\076\004\064\004\100\004\076\004\061\004\075\004\076\004\065\000\040\004\076\004\077\004\070\004\101\004\060\004\075\004\070\004\065}{section.4.9}% 41
\BOOKMARK [1][-]{section.4.10}{\376\377\0004\000.\0001\0000\000\040\000S\000e\000r\000v\000e\000r\000C\000l\000i\000e\000n\000t\000I\000n\000t\000e\000r\000f\000a\000c\000e\000.\000h}{chapter.4}% 42
\BOOKMARK [1][-]{section.4.11}{\376\377\0004\000.\0001\0001\000\040\004\044\004\060\004\071\004\073\000\040\000U\000s\000e\000r\000.\000c\000p\000p}{chapter.4}% 43
\BOOKMARK [1][-]{section.4.12}{\376\377\0004\000.\0001\0002\000\040\004\044\004\060\004\071\004\073\000\040\000U\000s\000e\000r\000.\000h}{chapter.4}% 44
\BOOKMARK [2][-]{subsection.4.12.1}{\376\377\0004\000.\0001\0002\000.\0001\000\040\004\037\004\076\004\064\004\100\004\076\004\061\004\075\004\076\004\065\000\040\004\076\004\077\004\070\004\101\004\060\004\075\004\070\004\065}{section.4.12}% 45
\BOOKMARK [1][-]{section.4.13}{\376\377\0004\000.\0001\0003\000\040\000U\000s\000e\000r\000.\000h}{chapter.4}% 46
\BOOKMARK [0][-]{section*.34}{\376\377\004\037\004\100\004\065\004\064\004\074\004\065\004\102\004\075\004\113\004\071\000\040\004\103\004\072\004\060\004\067\004\060\004\102\004\065\004\073\004\114}{}% 47
